Tue Nov 18 14:41:08 UTC 2025 - Executing "python3 /openLANE_flow/scripts/extract_metal_layers.py -t /home/vsduser/Desktop/work/tools/openlane_working_dir/pdks/sky130A/libs.ref/sky130_fd_sc_hd/techlef/sky130_fd_sc_hd.tlef -o /openLANE_flow/designs/picorv32a/runs/18-11_14-41/tmp/met_layers_list.txt"

Tue Nov 18 14:41:08 UTC 2025 - Executing "/openLANE_flow/scripts/mergeLef.py -i /home/vsduser/Desktop/work/tools/openlane_working_dir/pdks/sky130A/libs.ref/sky130_fd_sc_hd/techlef/sky130_fd_sc_hd.tlef {/home/vsduser/Desktop/work/tools/openlane_working_dir/pdks/sky130A/libs.ref/sky130_fd_sc_hd/lef/sky130_fd_sc_hd.lef /home/vsduser/Desktop/work/tools/openlane_working_dir/pdks/sky130A/libs.ref/sky130_fd_sc_hd/lef/sky130_ef_sc_hd__fill_12.lef /home/vsduser/Desktop/work/tools/openlane_working_dir/pdks/sky130A/libs.ref/sky130_fd_sc_hd/lef/sky130_ef_sc_hd__decap_12.lef /home/vsduser/Desktop/work/tools/openlane_working_dir/pdks/sky130A/libs.ref/sky130_fd_sc_hd/lef/sky130_ef_sc_hd__fakediode_2.lef} -o /openLANE_flow/designs/picorv32a/runs/18-11_14-41/tmp/merged_unpadded.lef |& tee >&@stdout"

Tue Nov 18 14:41:08 UTC 2025 - Executing "/openLANE_flow/scripts/mergeLef.py -i /openLANE_flow/designs/picorv32a/runs/18-11_14-41/tmp/merged_unpadded.lef /openLANE_flow/designs/picorv32a/src/sky130_vsdinv.lef -o /openLANE_flow/designs/picorv32a/runs/18-11_14-41/tmp/merged_unpadded.lef |& tee >&@stdout"

Tue Nov 18 14:41:09 UTC 2025 - Executing "/openLANE_flow/scripts/libtrim.pl /openLANE_flow/designs/picorv32a/src/sky130_fd_sc_hd__typical.lib /openLANE_flow/designs/picorv32a/runs/18-11_14-41/tmp/trimmed.lib.exclude.list > /openLANE_flow/designs/picorv32a/runs/18-11_14-41/tmp/trimmed.lib"

Tue Nov 18 14:41:09 UTC 2025 - Executing "echo {openlane v0.21} > /openLANE_flow/designs/picorv32a/runs/18-11_14-41/OPENLANE_VERSION"

Tue Nov 18 14:42:09 UTC 2025 - Executing "openroad -exit /openLANE_flow/scripts/openroad/or_floorplan.tcl |& tee >&@stdout /openLANE_flow/designs/picorv32a/runs/18-11_14-41/logs/floorplan/1-verilog2def.openroad.log"

Tue Nov 18 14:42:10 UTC 2025 - Executing "python3 /openLANE_flow/report_generation_wrapper.py -d /openLANE_flow/designs/picorv32a -dn picorv32a -t 18-11_14-41 -o /openLANE_flow/designs/picorv32a/runs/18-11_14-41/reports/final_summary_report.csv -m /openLANE_flow/designs/picorv32a/runs/18-11_14-41/reports/manufacturability_report.rpt -rs /openLANE_flow/designs/picorv32a/runs/18-11_14-41/reports/runtime_summary_report.rpt -r /openLANE_flow/designs/picorv32a/runs/18-11_14-41"

Tue Nov 18 14:48:52 UTC 2025 - Executing "openroad -exit /openLANE_flow/scripts/openroad/or_floorplan.tcl |& tee >&@stdout /openLANE_flow/designs/picorv32a/runs/18-11_14-41/logs/floorplan/2-verilog2def.openroad.log"

Tue Nov 18 14:51:33 UTC 2025 - Executing "sed -E {s/^([[:space:]]+)pg_pin(.*)/\1pin\2\n\1    direction : "inout";/g} /openLANE_flow/designs/picorv32a/src/sky130_fd_sc_hd__typical.lib > /openLANE_flow/designs/picorv32a/runs/18-11_14-41/tmp/sky130_fd_sc_hd__typical.no_pg.lib"

Tue Nov 18 14:51:33 UTC 2025 - Executing "yosys -c /openLANE_flow/scripts/synth.tcl -l /openLANE_flow/designs/picorv32a/runs/18-11_14-41/logs/synthesis/3-yosys.log |& tee >&@stdout"

Tue Nov 18 14:52:15 UTC 2025 - Executing "sed -i -e {s/\(set ::env(CURRENT_NETLIST)\).*/\1 \/openLANE_flow\/designs\/picorv32a\/runs\/18-11_14-41\/results\/synthesis\/picorv32a.synthesis.v/} /openLANE_flow/designs/picorv32a/runs/18-11_14-41/config.tcl"

Tue Nov 18 14:52:15 UTC 2025 - Executing "sed -i -e {s/\(set ::env(PREV_NETLIST)\).*/\1 0/} /openLANE_flow/designs/picorv32a/runs/18-11_14-41/config.tcl"

Tue Nov 18 14:52:15 UTC 2025 - Executing "sed -i /defparam/d /openLANE_flow/designs/picorv32a/runs/18-11_14-41/results/synthesis/picorv32a.synthesis.v"

Tue Nov 18 14:52:15 UTC 2025 - Executing "sta /openLANE_flow/scripts/sta.tcl |& tee >&@stdout /openLANE_flow/designs/picorv32a/runs/18-11_14-41/logs/synthesis/4-opensta"

Tue Nov 18 14:52:30 UTC 2025 - Executing "openroad -exit /openLANE_flow/scripts/openroad/or_floorplan.tcl |& tee >&@stdout /openLANE_flow/designs/picorv32a/runs/18-11_14-41/logs/floorplan/5-verilog2def.openroad.log"

Tue Nov 18 14:52:57 UTC 2025 - Executing "openroad -exit /openLANE_flow/scripts/openroad/or_ioplacer.tcl |& tee >&@stdout /openLANE_flow/designs/picorv32a/runs/18-11_14-41/logs/floorplan/6-ioPlacer.log"

Tue Nov 18 14:53:13 UTC 2025 - Executing "openroad -exit /openLANE_flow/scripts/openroad/or_tapcell.tcl |& tee >&@stdout /openLANE_flow/designs/picorv32a/runs/18-11_14-41/logs/floorplan/7-tapcell.log"

Tue Nov 18 14:53:35 UTC 2025 - Executing "openroad -exit /openLANE_flow/scripts/openroad/or_replace.tcl |& tee >&@stdout /openLANE_flow/designs/picorv32a/runs/18-11_14-41/logs/placement/8-replace.log"

Tue Nov 18 14:53:48 UTC 2025 - Executing "openroad -exit /openLANE_flow/scripts/openroad/or_resizer.tcl |& tee >&@stdout /openLANE_flow/designs/picorv32a/runs/18-11_14-41/logs/placement/8-resizer.log"

Tue Nov 18 14:53:59 UTC 2025 - Executing "openroad -exit /openLANE_flow/scripts/openroad/or_write_verilog.tcl |& tee >&@stdout /openLANE_flow/designs/picorv32a/runs/18-11_14-41/logs/9-write_verilog.log"

Tue Nov 18 14:54:00 UTC 2025 - Executing "sed -i -e {s/\(set ::env(CURRENT_NETLIST)\).*/\1 \/openLANE_flow\/designs\/picorv32a\/runs\/18-11_14-41\/results\/synthesis\/picorv32a.synthesis_optimized.v/} /openLANE_flow/designs/picorv32a/runs/18-11_14-41/config.tcl"

Tue Nov 18 14:54:00 UTC 2025 - Executing "sed -i -e {s/\(set ::env(PREV_NETLIST)\).*/\1 \/openLANE_flow\/designs\/picorv32a\/runs\/18-11_14-41\/results\/synthesis\/picorv32a.synthesis.v/} /openLANE_flow/designs/picorv32a/runs/18-11_14-41/config.tcl"

Tue Nov 18 14:54:00 UTC 2025 - Executing "sta /openLANE_flow/scripts/sta.tcl |& tee >&@stdout /openLANE_flow/designs/picorv32a/runs/18-11_14-41/logs/synthesis/10-opensta_post_resizer"

Tue Nov 18 14:54:01 UTC 2025 - Executing "openroad -exit /openLANE_flow/scripts/openroad/or_opendp.tcl |& tee >&@stdout /openLANE_flow/designs/picorv32a/runs/18-11_14-41/logs/placement/11-opendp.log"

Tue Nov 18 14:54:03 UTC 2025 - Executing "bash /openLANE_flow/scripts/klayout/scrotLayout.sh /home/vsduser/Desktop/work/tools/openlane_working_dir/pdks/sky130A/libs.tech/klayout/sky130A.lyt /openLANE_flow/designs/picorv32a/runs/18-11_14-41/results/placement/picorv32a.placement.def |& tee >&@stdout /openLANE_flow/designs/picorv32a/runs/18-11_14-41/logs/klayout/12-klayout.scrot.log"

